#
# A fatal error has been detected by the Java Runtime Environment:
#
#  EXCEPTION_ACCESS_VIOLATION (0xc0000005) at pc=0x000007fee45d215d, pid=15796, tid=0x0000000000002c4c
#
# JRE version: Java(TM) SE Runtime Environment (8.0_131-b11) (build 1.8.0_131-b11)
# Java VM: Java HotSpot(TM) 64-Bit Server VM (25.131-b11 mixed mode windows-amd64 compressed oops)
# Problematic frame:
# C  [nvopencl.dll+0x2215d]
#
# Failed to write core dump. Minidumps are not enabled by default on client versions of Windows
#
# If you would like to submit a bug report, please visit:
#   http://bugreport.java.com/bugreport/crash.jsp
# The crash happened outside the Java Virtual Machine in native code.
# See problematic frame for where to report the bug.
#

---------------  T H R E A D  ---------------

Current thread (0x000000005b15f000):  JavaThread "JavaFX Application Thread" [_thread_in_native, id=11340, stack(0x000000005bcb0000,0x000000005bdb0000)]

siginfo: ExceptionCode=0xc0000005, reading address 0x0000000000000080

Registers:
RAX=0x0000000000000000, RBX=0x0000000069248760, RCX=0x000000005d094670, RDX=0x0000000000000000
RSP=0x000000005bdac060, RBP=0x0000000000000000, RSI=0x0000000000000000, RDI=0x0000000000000000
R8 =0x0000000069248760, R9 =0x0000000069248580, R10=0x0000000000000000, R11=0x0000000000000001
R12=0x0000000069248580, R13=0x000000005d094670, R14=0x0000000000000000, R15=0x0000000069248760
RIP=0x000007fee45d215d, EFLAGS=0x0000000000010246

Top of Stack: (sp=0x000000005bdac060)
0x000000005bdac060:   0000000069248760 000007fee45d5314
0x000000005bdac070:   0000000000000000 0000000069248760
0x000000005bdac080:   000000005b15f1f8 0000000000000000
0x000000005bdac090:   000000005b15c1e8 000000005b164e20
0x000000005bdac0a0:   0000000000000000 0000000000000000
0x000000005bdac0b0:   0000000000000000 0000000000000000
0x000000005bdac0c0:   0000000000000000 000007fef1d0e066
0x000000005bdac0d0:   000000005b15f1f8 0000000000000000
0x000000005bdac0e0:   000000005d094670 0000000000000000
0x000000005bdac0f0:   000000005b15f1f8 000007fef1d0909a
0x000000005bdac100:   000000005bdac2f8 000000005bdac2f8
0x000000005bdac110:   0000000000000001 0000000000000000
0x000000005bdac120:   0000000069248580 0000000000000000
0x000000005bdac130:   0000000000000000 0000000081a59038
0x000000005bdac140:   0000000000000000 0000000000000000
0x000000005bdac150:   0000000000000000 000000005b15f000 

Instructions: (pc=0x000007fee45d215d)
0x000007fee45d213d:   cc cc cc cc cc cc cc cc cc cc cc cc cc cc cc cc
0x000007fee45d214d:   cc cc cc 40 53 32 c0 41 bb 01 00 00 00 4c 8b d2
0x000007fee45d215d:   44 39 9a 80 00 00 00 0f b6 d8 41 0f 47 db 48 85
0x000007fee45d216d:   c9 75 07 b8 dc ff ff ff 5b c3 48 8b 41 40 48 39 


Register to memory mapping:

RAX=0x0000000000000000 is an unknown value
RBX=0x0000000069248760 is an unknown value
RCX=0x000000005d094670 is an unknown value
RDX=0x0000000000000000 is an unknown value
RSP=0x000000005bdac060 is pointing into the stack for thread: 0x000000005b15f000
RBP=0x0000000000000000 is an unknown value
RSI=0x0000000000000000 is an unknown value
RDI=0x0000000000000000 is an unknown value
R8 =0x0000000069248760 is an unknown value
R9 =0x0000000069248580 is an unknown value
R10=0x0000000000000000 is an unknown value
R11=0x0000000000000001 is an unknown value
R12=0x0000000069248580 is an unknown value
R13=0x000000005d094670 is an unknown value
R14=0x0000000000000000 is an unknown value
R15=0x0000000069248760 is an unknown value


Stack: [0x000000005bcb0000,0x000000005bdb0000],  sp=0x000000005bdac060,  free space=1008k
Native frames: (J=compiled Java code, j=interpreted, Vv=VM code, C=native code)

Java frames: (J=compiled Java code, j=interpreted, Vv=VM code)
j  org.jocl.CL.clEnqueueReadImageNative(Lorg/jocl/cl_command_queue;Lorg/jocl/cl_mem;Z[J[JJJLorg/jocl/Pointer;I[Lorg/jocl/cl_event;Lorg/jocl/cl_event;)I+0
j  org.jocl.CL.clEnqueueReadImage(Lorg/jocl/cl_command_queue;Lorg/jocl/cl_mem;Z[J[JJJLorg/jocl/Pointer;I[Lorg/jocl/cl_event;Lorg/jocl/cl_event;)I+41
j  VolumeProcessor.downloadSlice(Lorg/jocl/cl_mem;IIILjava/awt/image/BufferedImage;)V+199
j  VolumeProcessor.updateTiffPreview(Ljavafx/scene/image/ImageView;)V+131
j  VolumeProcessor.updatePreview(Ljavafx/scene/image/ImageView;)I+29
j  gov.inl.HZGenerator.Controller.lambda$initialize$0(Ljavafx/beans/value/ObservableValue;Ljava/lang/String;Ljava/lang/String;)V+73
j  gov.inl.HZGenerator.Controller$$Lambda$88.changed(Ljavafx/beans/value/ObservableValue;Ljava/lang/Object;Ljava/lang/Object;)V+13
J 3151 C1 com.sun.javafx.binding.ExpressionHelper$SingleChange.fireValueChangedEvent()V (96 bytes) @ 0x0000000003199404 [0x0000000003199020+0x3e4]
J 1638 C1 javafx.beans.property.ReadOnlyObjectWrapper.fireValueChangedEvent()V (19 bytes) @ 0x0000000002d4bbf4 [0x0000000002d4b800+0x3f4]
J 2909 C2 javafx.beans.property.ObjectPropertyBase.set(Ljava/lang/Object;)V (110 bytes) @ 0x00000000030c4360 [0x00000000030c42e0+0x80]
j  javafx.scene.control.SelectionModel.setSelectedItem(Ljava/lang/Object;)V+5
j  javafx.scene.control.MultipleSelectionModelBase.lambda$new$34(Ljavafx/beans/Observable;)V+9
j  javafx.scene.control.MultipleSelectionModelBase$$Lambda$80.invalidated(Ljavafx/beans/Observable;)V+5
J 2010 C1 com.sun.javafx.binding.ExpressionHelper$SingleInvalidation.fireValueChangedEvent()V (33 bytes) @ 0x0000000002e00bac [0x0000000002e00aa0+0x10c]
J 939 C1 com.sun.javafx.binding.ExpressionHelper.fireValueChangedEvent(Lcom/sun/javafx/binding/ExpressionHelper;)V (9 bytes) @ 0x0000000002b41f5c [0x0000000002b41e40+0x11c]
j  javafx.beans.property.ReadOnlyIntegerPropertyBase.fireValueChangedEvent()V+4
j  javafx.beans.property.ReadOnlyIntegerWrapper.fireValueChangedEvent()V+15
j  javafx.beans.property.IntegerPropertyBase.markInvalid()V+17
j  javafx.beans.property.IntegerPropertyBase.set(I)V+106
j  javafx.scene.control.SelectionModel.setSelectedIndex(I)V+5
j  javafx.scene.control.MultipleSelectionModelBase.select(I)V+125
j  javafx.scene.control.MultipleSelectionModelBase.clearAndSelect(I)V+95
j  javafx.scene.control.ListView$ListViewBitSetSelectionModel.clearAndSelect(I)V+14
j  com.sun.javafx.scene.control.behavior.CellBehaviorBase.simpleSelect(Ljavafx/scene/input/MouseButton;IZ)V+56
j  com.sun.javafx.scene.control.behavior.CellBehaviorBase.doSelect(DDLjavafx/scene/input/MouseButton;IZZ)V+165
j  com.sun.javafx.scene.control.behavior.CellBehaviorBase.mousePressed(Ljavafx/scene/input/MouseEvent;)V+55
j  com.sun.javafx.scene.control.skin.BehaviorSkinBase$1.handle(Ljavafx/scene/input/MouseEvent;)V+62
j  com.sun.javafx.scene.control.skin.BehaviorSkinBase$1.handle(Ljavafx/event/Event;)V+5
j  com.sun.javafx.event.CompositeEventHandler$NormalEventHandlerRecord.handleBubblingEvent(Ljavafx/event/Event;)V+5
j  com.sun.javafx.event.CompositeEventHandler.dispatchBubblingEvent(Ljavafx/event/Event;)V+28
J 2314 C1 com.sun.javafx.event.EventHandlerManager.dispatchBubblingEvent(Ljavafx/event/EventType;Ljavafx/event/Event;)Ljavafx/event/Event; (34 bytes) @ 0x0000000002eda5ec [0x0000000002eda080+0x56c]
j  com.sun.javafx.event.EventHandlerManager.dispatchBubblingEvent(Ljavafx/event/Event;)Ljavafx/event/Event;+8
j  com.sun.javafx.event.CompositeEventDispatcher.dispatchBubblingEvent(Ljavafx/event/Event;)Ljavafx/event/Event;+11
J 2407 C1 com.sun.javafx.event.BasicEventDispatcher.dispatchEvent(Ljavafx/event/Event;Ljavafx/event/EventDispatchChain;)Ljavafx/event/Event; (44 bytes) @ 0x0000000002f237e4 [0x0000000002f234c0+0x324]
J 2296 C1 com.sun.javafx.event.EventDispatchChainImpl.dispatchEvent(Ljavafx/event/Event;)Ljavafx/event/Event; (101 bytes) @ 0x0000000002ed37ac [0x0000000002ed3600+0x1ac]
J 2407 C1 com.sun.javafx.event.BasicEventDispatcher.dispatchEvent(Ljavafx/event/Event;Ljavafx/event/EventDispatchChain;)Ljavafx/event/Event; (44 bytes) @ 0x0000000002f23704 [0x0000000002f234c0+0x244]
J 2296 C1 com.sun.javafx.event.EventDispatchChainImpl.dispatchEvent(Ljavafx/event/Event;)Ljavafx/event/Event; (101 bytes) @ 0x0000000002ed37ac [0x0000000002ed3600+0x1ac]
J 2407 C1 com.sun.javafx.event.BasicEventDispatcher.dispatchEvent(Ljavafx/event/Event;Ljavafx/event/EventDispatchChain;)Ljavafx/event/Event; (44 bytes) @ 0x0000000002f23704 [0x0000000002f234c0+0x244]
J 2296 C1 com.sun.javafx.event.EventDispatchChainImpl.dispatchEvent(Ljavafx/event/Event;)Ljavafx/event/Event; (101 bytes) @ 0x0000000002ed37ac [0x0000000002ed3600+0x1ac]
J 2407 C1 com.sun.javafx.event.BasicEventDispatcher.dispatchEvent(Ljavafx/event/Event;Ljavafx/event/EventDispatchChain;)Ljavafx/event/Event; (44 bytes) @ 0x0000000002f23704 [0x0000000002f234c0+0x244]
J 2296 C1 com.sun.javafx.event.EventDispatchChainImpl.dispatchEvent(Ljavafx/event/Event;)Ljavafx/event/Event; (101 bytes) @ 0x0000000002ed37ac [0x0000000002ed3600+0x1ac]
J 2407 C1 com.sun.javafx.event.BasicEventDispatcher.dispatchEvent(Ljavafx/event/Event;Ljavafx/event/EventDispatchChain;)Ljavafx/event/Event; (44 bytes) @ 0x0000000002f23704 [0x0000000002f234c0+0x244]
J 2296 C1 com.sun.javafx.event.EventDispatchChainImpl.dispatchEvent(Ljavafx/event/Event;)Ljavafx/event/Event; (101 bytes) @ 0x0000000002ed37ac [0x0000000002ed3600+0x1ac]
J 2407 C1 com.sun.javafx.event.BasicEventDispatcher.dispatchEvent(Ljavafx/event/Event;Ljavafx/event/EventDispatchChain;)Ljavafx/event/Event; (44 bytes) @ 0x0000000002f23704 [0x0000000002f234c0+0x244]
J 2296 C1 com.sun.javafx.event.EventDispatchChainImpl.dispatchEvent(Ljavafx/event/Event;)Ljavafx/event/Event; (101 bytes) @ 0x0000000002ed37ac [0x0000000002ed3600+0x1ac]
j  com.sun.javafx.event.EventUtil.fireEventImpl(Ljavafx/event/EventDispatchChain;Ljavafx/event/EventTarget;Ljavafx/event/Event;)Ljavafx/event/Event;+10
j  com.sun.javafx.event.EventUtil.fireEvent(Ljavafx/event/EventTarget;Ljavafx/event/Event;)Ljavafx/event/Event;+46
j  javafx.event.Event.fireEvent(Ljavafx/event/EventTarget;Ljavafx/event/Event;)V+30
j  javafx.scene.Scene$MouseHandler.process(Ljavafx/scene/input/MouseEvent;Z)V+491
j  javafx.scene.Scene$MouseHandler.access$1500(Ljavafx/scene/Scene$MouseHandler;Ljavafx/scene/input/MouseEvent;Z)V+3
j  javafx.scene.Scene.impl_processMouseEvent(Ljavafx/scene/input/MouseEvent;)V+6
j  javafx.scene.Scene$ScenePeerListener.mouseEvent(Ljavafx/event/EventType;DDDDLjavafx/scene/input/MouseButton;ZZZZZZZZZ)V+46
j  com.sun.javafx.tk.quantum.GlassViewEventHandler$MouseEventNotification.run()Ljava/lang/Void;+514
j  com.sun.javafx.tk.quantum.GlassViewEventHandler$MouseEventNotification.run()Ljava/lang/Object;+1
v  ~StubRoutines::call_stub
J 2075  java.security.AccessController.doPrivileged(Ljava/security/PrivilegedAction;Ljava/security/AccessControlContext;)Ljava/lang/Object; (0 bytes) @ 0x0000000002e46d66 [0x0000000002e46d00+0x66]
j  com.sun.javafx.tk.quantum.GlassViewEventHandler.lambda$handleMouseEvent$354()Ljava/lang/Void;+11
j  com.sun.javafx.tk.quantum.GlassViewEventHandler$$Lambda$286.get()Ljava/lang/Object;+4
j  com.sun.javafx.tk.quantum.QuantumToolkit.runWithoutRenderLock(Ljava/util/function/Supplier;)Ljava/lang/Object;+18
j  com.sun.javafx.tk.quantum.GlassViewEventHandler.handleMouseEvent(Lcom/sun/glass/ui/View;JIIIIIIIZZ)V+103
j  com.sun.glass.ui.View.handleMouseEvent(JIIIIIIIZZ)V+30
j  com.sun.glass.ui.View.notifyMouse(IIIIIIIZZ)V+181
v  ~StubRoutines::call_stub
j  com.sun.glass.ui.win.WinApplication._runLoop(Ljava/lang/Runnable;)V+0
j  com.sun.glass.ui.win.WinApplication.lambda$null$148(ILjava/lang/Runnable;)V+8
j  com.sun.glass.ui.win.WinApplication$$Lambda$38.run()V+12
j  java.lang.Thread.run()V+11
v  ~StubRoutines::call_stub

---------------  P R O C E S S  ---------------

Java Threads: ( => current thread )
  0x000000006168f000 JavaThread "Prism Font Disposer" daemon [_thread_blocked, id=15456, stack(0x0000000063320000,0x0000000063420000)]
  0x000000005b419000 JavaThread "Timer-0" daemon [_thread_blocked, id=1444, stack(0x00000000609f0000,0x0000000060af0000)]
  0x000000005b3fd800 JavaThread "Java2D Disposer" daemon [_thread_blocked, id=15468, stack(0x0000000060b00000,0x0000000060c00000)]
  0x000000005b207000 JavaThread "JavaFX-Launcher" [_thread_blocked, id=15424, stack(0x00000000600f0000,0x00000000601f0000)]
  0x000000005b191000 JavaThread "Thread-3" daemon [_thread_in_native, id=15932, stack(0x000000005d540000,0x000000005d640000)]
=>0x000000005b15f000 JavaThread "JavaFX Application Thread" [_thread_in_native, id=11340, stack(0x000000005bcb0000,0x000000005bdb0000)]
  0x000000005b169800 JavaThread "Thread-1" daemon [_thread_blocked, id=7008, stack(0x000000005bb90000,0x000000005bc90000)]
  0x000000005b16f000 JavaThread "QuantumRenderer-0" daemon [_thread_blocked, id=9560, stack(0x000000005b850000,0x000000005b950000)]
  0x0000000058e99800 JavaThread "Service Thread" daemon [_thread_blocked, id=9676, stack(0x000000005ad30000,0x000000005ae30000)]
  0x0000000058e18000 JavaThread "C1 CompilerThread3" daemon [_thread_blocked, id=15684, stack(0x000000005abe0000,0x000000005ace0000)]
  0x0000000058e0d000 JavaThread "C2 CompilerThread2" daemon [_thread_blocked, id=10700, stack(0x000000005a2d0000,0x000000005a3d0000)]
  0x0000000058dfc000 JavaThread "C2 CompilerThread1" daemon [_thread_blocked, id=15084, stack(0x000000005a940000,0x000000005aa40000)]
  0x0000000058dfb000 JavaThread "C2 CompilerThread0" daemon [_thread_blocked, id=15092, stack(0x000000005a750000,0x000000005a850000)]
  0x0000000058df9800 JavaThread "Monitor Ctrl-Break" daemon [_thread_in_native, id=9544, stack(0x000000005a560000,0x000000005a660000)]
  0x0000000058d71000 JavaThread "Attach Listener" daemon [_thread_blocked, id=13872, stack(0x000000005a3e0000,0x000000005a4e0000)]
  0x0000000058d6f800 JavaThread "Signal Dispatcher" daemon [_thread_blocked, id=10440, stack(0x000000005a1b0000,0x000000005a2b0000)]
  0x0000000057baf800 JavaThread "Finalizer" daemon [_thread_blocked, id=5144, stack(0x000000005a000000,0x000000005a100000)]
  0x0000000058d23800 JavaThread "Reference Handler" daemon [_thread_blocked, id=15284, stack(0x0000000059ec0000,0x0000000059fc0000)]
  0x00000000020b9000 JavaThread "main" [_thread_blocked, id=1588, stack(0x00000000021e0000,0x00000000022e0000)]

Other Threads:
  0x0000000058d22000 VMThread [stack: 0x0000000059d80000,0x0000000059e80000] [id=15192]
  0x0000000058ed0000 WatcherThread [stack: 0x000000005aef0000,0x000000005aff0000] [id=10764]

VM state:not at safepoint (normal execution)

VM Mutex/Monitor currently owned by a thread: None

Heap:
 PSYoungGen      total 76288K, used 17571K [0x00000000d5580000, 0x00000000dcf00000, 0x0000000100000000)
  eden space 65536K, 26% used [0x00000000d5580000,0x00000000d66a8e70,0x00000000d9580000)
  from space 10752K, 0% used [0x00000000d9580000,0x00000000d9580000,0x00000000da000000)
  to   space 10752K, 0% used [0x00000000dc480000,0x00000000dc480000,0x00000000dcf00000)
 ParOldGen       total 283136K, used 54034K [0x0000000080000000, 0x0000000091480000, 0x00000000d5580000)
  object space 283136K, 19% used [0x0000000080000000,0x00000000834c4908,0x0000000091480000)
 Metaspace       used 23638K, capacity 24744K, committed 25088K, reserved 1071104K
  class space    used 3286K, capacity 3521K, committed 3584K, reserved 1048576K

Card table byte_map: [0x0000000011ba0000,0x0000000011fb0000] byte_map_base: 0x00000000117a0000

Marking Bits: (ParMarkBitMap*) 0x000000005ecac720
 Begin Bits: [0x0000000012dc0000, 0x0000000014dc0000)
 End Bits:   [0x0000000014dc0000, 0x0000000016dc0000)

Polling page: 0x0000000000230000

CodeCache: size=245760Kb used=10874Kb max_used=10885Kb free=234885Kb
 bounds [0x00000000027e0000, 0x0000000003290000, 0x00000000117e0000]
 total_blobs=4223 nmethods=3432 adapters=703
 compilation: enabled

Compilation events (10 events):
Event: 8.063 Thread 0x0000000058dfc000 nmethod 3427% 0x00000000032866d0 code [0x0000000003286840, 0x00000000032870b8]
Event: 8.063 Thread 0x0000000058e0d000 3429       4       java.awt.image.ComponentSampleModel::getPixels (236 bytes)
Event: 8.064 Thread 0x0000000058dfb000 nmethod 3428% 0x0000000003284110 code [0x0000000003284280, 0x0000000003284b98]
Event: 8.064 Thread 0x0000000058dfc000 3430       4       java.awt.image.ComponentSampleModel::setPixels (210 bytes)
Event: 8.068 Thread 0x0000000058e0d000 nmethod 3429 0x00000000032833d0 code [0x0000000003283520, 0x0000000003283bd8]
Event: 8.069 Thread 0x0000000058dfc000 nmethod 3430 0x0000000003289750 code [0x00000000032898a0, 0x0000000003289f78]
Event: 8.069 Thread 0x0000000058e18000 3431       3       java.awt.image.Raster::getPixels (29 bytes)
Event: 8.069 Thread 0x0000000058e18000 nmethod 3431 0x000000000327d7d0 code [0x000000000327d940, 0x000000000327db88]
Event: 8.069 Thread 0x0000000058e18000 3432       3       java.awt.image.WritableRaster::setPixels (29 bytes)
Event: 8.070 Thread 0x0000000058e18000 nmethod 3432 0x000000000327d350 code [0x000000000327d4c0, 0x000000000327d708]

GC Heap History (10 events):
Event: 2.406 GC heap before
{Heap before GC invocations=1 (full 0):
 PSYoungGen      total 76288K, used 61590K [0x00000000d5580000, 0x00000000daa80000, 0x0000000100000000)
  eden space 65536K, 93% used [0x00000000d5580000,0x00000000d91a59f8,0x00000000d9580000)
  from space 10752K, 0% used [0x00000000da000000,0x00000000da000000,0x00000000daa80000)
  to   space 10752K, 0% used [0x00000000d9580000,0x00000000d9580000,0x00000000da000000)
 ParOldGen       total 175104K, used 0K [0x0000000080000000, 0x000000008ab00000, 0x00000000d5580000)
  object space 175104K, 0% used [0x0000000080000000,0x0000000080000000,0x000000008ab00000)
 Metaspace       used 20248K, capacity 21248K, committed 21296K, reserved 1067008K
  class space    used 2967K, capacity 3155K, committed 3200K, reserved 1048576K
Event: 2.414 GC heap after
Heap after GC invocations=1 (full 0):
 PSYoungGen      total 76288K, used 7335K [0x00000000d5580000, 0x00000000daa80000, 0x0000000100000000)
  eden space 65536K, 0% used [0x00000000d5580000,0x00000000d5580000,0x00000000d9580000)
  from space 10752K, 68% used [0x00000000d9580000,0x00000000d9ca9f78,0x00000000da000000)
  to   space 10752K, 0% used [0x00000000da000000,0x00000000da000000,0x00000000daa80000)
 ParOldGen       total 175104K, used 88K [0x0000000080000000, 0x000000008ab00000, 0x00000000d5580000)
  object space 175104K, 0% used [0x0000000080000000,0x0000000080016010,0x000000008ab00000)
 Metaspace       used 20248K, capacity 21248K, committed 21296K, reserved 1067008K
  class space    used 2967K, capacity 3155K, committed 3200K, reserved 1048576K
}
Event: 2.414 GC heap before
{Heap before GC invocations=2 (full 1):
 PSYoungGen      total 76288K, used 7335K [0x00000000d5580000, 0x00000000daa80000, 0x0000000100000000)
  eden space 65536K, 0% used [0x00000000d5580000,0x00000000d5580000,0x00000000d9580000)
  from space 10752K, 68% used [0x00000000d9580000,0x00000000d9ca9f78,0x00000000da000000)
  to   space 10752K, 0% used [0x00000000da000000,0x00000000da000000,0x00000000daa80000)
 ParOldGen       total 175104K, used 88K [0x0000000080000000, 0x000000008ab00000, 0x00000000d5580000)
  object space 175104K, 0% used [0x0000000080000000,0x0000000080016010,0x000000008ab00000)
 Metaspace       used 20248K, capacity 21248K, committed 21296K, reserved 1067008K
  class space    used 2967K, capacity 3155K, committed 3200K, reserved 1048576K
Event: 2.446 GC heap after
Heap after GC invocations=2 (full 1):
 PSYoungGen      total 76288K, used 0K [0x00000000d5580000, 0x00000000daa80000, 0x0000000100000000)
  eden space 65536K, 0% used [0x00000000d5580000,0x00000000d5580000,0x00000000d9580000)
  from space 10752K, 0% used [0x00000000d9580000,0x00000000d9580000,0x00000000da000000)
  to   space 10752K, 0% used [0x00000000da000000,0x00000000da000000,0x00000000daa80000)
 ParOldGen       total 126976K, used 7262K [0x0000000080000000, 0x0000000087c00000, 0x00000000d5580000)
  object space 126976K, 5% used [0x0000000080000000,0x0000000080717978,0x0000000087c00000)
 Metaspace       used 20248K, capacity 21248K, committed 21296K, reserved 1067008K
  class space    used 2967K, capacity 3155K, committed 3200K, reserved 1048576K
}
Event: 7.148 GC heap before
{Heap before GC invocations=3 (full 1):
 PSYoungGen      total 76288K, used 65536K [0x00000000d5580000, 0x00000000daa80000, 0x0000000100000000)
  eden space 65536K, 100% used [0x00000000d5580000,0x00000000d9580000,0x00000000d9580000)
  from space 10752K, 0% used [0x00000000d9580000,0x00000000d9580000,0x00000000da000000)
  to   space 10752K, 0% used [0x00000000da000000,0x00000000da000000,0x00000000daa80000)
 ParOldGen       total 126976K, used 7262K [0x0000000080000000, 0x0000000087c00000, 0x00000000d5580000)
  object space 126976K, 5% used [0x0000000080000000,0x0000000080717978,0x0000000087c00000)
 Metaspace       used 23369K, capacity 24424K, committed 24832K, reserved 1071104K
  class space    used 3239K, capacity 3457K, committed 3584K, reserved 1048576K
Event: 7.157 GC heap after
Heap after GC invocations=3 (full 1):
 PSYoungGen      total 76288K, used 10738K [0x00000000d5580000, 0x00000000db500000, 0x0000000100000000)
  eden space 65536K, 0% used [0x00000000d5580000,0x00000000d5580000,0x00000000d9580000)
  from space 10752K, 99% used [0x00000000da000000,0x00000000daa7c838,0x00000000daa80000)
  to   space 10752K, 0% used [0x00000000d9580000,0x00000000d9580000,0x00000000da000000)
 ParOldGen       total 126976K, used 10974K [0x0000000080000000, 0x0000000087c00000, 0x00000000d5580000)
  object space 126976K, 8% used [0x0000000080000000,0x0000000080ab7930,0x0000000087c00000)
 Metaspace       used 23369K, capacity 24424K, committed 24832K, reserved 1071104K
  class space    used 3239K, capacity 3457K, committed 3584K, reserved 1048576K
}
Event: 7.899 GC heap before
{Heap before GC invocations=4 (full 1):
 PSYoungGen      total 76288K, used 62481K [0x00000000d5580000, 0x00000000db500000, 0x0000000100000000)
  eden space 65536K, 78% used [0x00000000d5580000,0x00000000d8807d70,0x00000000d9580000)
  from space 10752K, 99% used [0x00000000da000000,0x00000000daa7c838,0x00000000daa80000)
  to   space 10752K, 0% used [0x00000000d9580000,0x00000000d9580000,0x00000000da000000)
 ParOldGen       total 126976K, used 10974K [0x0000000080000000, 0x0000000087c00000, 0x00000000d5580000)
  object space 126976K, 8% used [0x0000000080000000,0x0000000080ab7930,0x0000000087c00000)
 Metaspace       used 23619K, capacity 24680K, committed 24832K, reserved 1071104K
  class space    used 3284K, capacity 3521K, committed 3584K, reserved 1048576K
Event: 7.936 GC heap after
Heap after GC invocations=4 (full 1):
 PSYoungGen      total 76288K, used 10736K [0x00000000d5580000, 0x00000000dcf00000, 0x0000000100000000)
  eden space 65536K, 0% used [0x00000000d5580000,0x00000000d5580000,0x00000000d9580000)
  from space 10752K, 99% used [0x00000000d9580000,0x00000000d9ffc030,0x00000000da000000)
  to   space 10752K, 0% used [0x00000000dc480000,0x00000000dc480000,0x00000000dcf00000)
 ParOldGen       total 126976K, used 75172K [0x0000000080000000, 0x0000000087c00000, 0x00000000d5580000)
  object space 126976K, 59% used [0x0000000080000000,0x0000000084969248,0x0000000087c00000)
 Metaspace       used 23619K, capacity 24680K, committed 24832K, reserved 1071104K
  class space    used 3284K, capacity 3521K, committed 3584K, reserved 1048576K
}
Event: 7.936 GC heap before
{Heap before GC invocations=5 (full 2):
 PSYoungGen      total 76288K, used 10736K [0x00000000d5580000, 0x00000000dcf00000, 0x0000000100000000)
  eden space 65536K, 0% used [0x00000000d5580000,0x00000000d5580000,0x00000000d9580000)
  from space 10752K, 99% used [0x00000000d9580000,0x00000000d9ffc030,0x00000000da000000)
  to   space 10752K, 0% used [0x00000000dc480000,0x00000000dc480000,0x00000000dcf00000)
 ParOldGen       total 126976K, used 75172K [0x0000000080000000, 0x0000000087c00000, 0x00000000d5580000)
  object space 126976K, 59% used [0x0000000080000000,0x0000000084969248,0x0000000087c00000)
 Metaspace       used 23619K, capacity 24680K, committed 24832K, reserved 1071104K
  class space    used 3284K, capacity 3521K, committed 3584K, reserved 1048576K
Event: 7.976 GC heap after
Heap after GC invocations=5 (full 2):
 PSYoungGen      total 76288K, used 0K [0x00000000d5580000, 0x00000000dcf00000, 0x0000000100000000)
  eden space 65536K, 0% used [0x00000000d5580000,0x00000000d5580000,0x00000000d9580000)
  from space 10752K, 0% used [0x00000000d9580000,0x00000000d9580000,0x00000000da000000)
  to   space 10752K, 0% used [0x00000000dc480000,0x00000000dc480000,0x00000000dcf00000)
 ParOldGen       total 283136K, used 54034K [0x0000000080000000, 0x0000000091480000, 0x00000000d5580000)
  object space 283136K, 19% used [0x0000000080000000,0x00000000834c4908,0x0000000091480000)
 Metaspace       used 23619K, capacity 24680K, committed 24832K, reserved 1071104K
  class space    used 3284K, capacity 3521K, committed 3584K, reserved 1048576K
}

Deoptimization events (10 events):
Event: 7.105 Thread 0x000000005b16f000 Uncommon trap: reason=speculate_class_check action=maybe_recompile pc=0x0000000002fc3d8c method=com.sun.javafx.geom.transform.AffineBase.getType()I @ 9
Event: 7.105 Thread 0x000000005b16f000 Uncommon trap: reason=speculate_class_check action=maybe_recompile pc=0x0000000002fc3d8c method=com.sun.javafx.geom.transform.AffineBase.getType()I @ 9
Event: 7.105 Thread 0x000000005b16f000 Uncommon trap: reason=speculate_class_check action=maybe_recompile pc=0x0000000002fc3d8c method=com.sun.javafx.geom.transform.AffineBase.getType()I @ 9
Event: 7.105 Thread 0x000000005b16f000 Uncommon trap: reason=speculate_class_check action=maybe_recompile pc=0x0000000002fc3d8c method=com.sun.javafx.geom.transform.AffineBase.getType()I @ 9
Event: 7.106 Thread 0x000000005b16f000 Uncommon trap: reason=class_check action=maybe_recompile pc=0x000000000302ee98 method=com.sun.javafx.geom.transform.AffineBase.getType()I @ 9
Event: 7.106 Thread 0x000000005b16f000 Uncommon trap: reason=class_check action=maybe_recompile pc=0x000000000302ee98 method=com.sun.javafx.geom.transform.AffineBase.getType()I @ 9
Event: 7.106 Thread 0x000000005b16f000 Uncommon trap: reason=class_check action=maybe_recompile pc=0x000000000302ee98 method=com.sun.javafx.geom.transform.AffineBase.getType()I @ 9
Event: 7.106 Thread 0x000000005b16f000 Uncommon trap: reason=class_check action=maybe_recompile pc=0x000000000302ee98 method=com.sun.javafx.geom.transform.AffineBase.getType()I @ 9
Event: 7.106 Thread 0x000000005b16f000 Uncommon trap: reason=class_check action=maybe_recompile pc=0x0000000002dc1630 method=java.util.WeakHashMap.eq(Ljava/lang/Object;Ljava/lang/Object;)Z @ 7
Event: 7.229 Thread 0x000000005b16f000 Uncommon trap: reason=unstable_if action=reinterpret pc=0x00000000032223d4 method=com.sun.javafx.sg.prism.NGShape3D.renderMeshView(Lcom/sun/prism/Graphics;)V @ 17

Internal exceptions (10 events):
Event: 0.958 Thread 0x000000005b15f000 Exception <a 'java/lang/ArrayIndexOutOfBoundsException'> (0x00000000d7246b60) thrown at [C:\re\workspace\8-2-build-windows-amd64-cygwin\jdk8u131\8869\hotspot\src\share\vm\runtime\sharedRuntime.cpp, line 605]
Event: 1.015 Thread 0x000000005b15f000 Exception <a 'java/lang/ArrayIndexOutOfBoundsException'> (0x00000000d73a2178) thrown at [C:\re\workspace\8-2-build-windows-amd64-cygwin\jdk8u131\8869\hotspot\src\share\vm\runtime\sharedRuntime.cpp, line 605]
Event: 1.016 Thread 0x000000005b15f000 Exception <a 'java/lang/ArrayIndexOutOfBoundsException'> (0x00000000d73aa530) thrown at [C:\re\workspace\8-2-build-windows-amd64-cygwin\jdk8u131\8869\hotspot\src\share\vm\runtime\sharedRuntime.cpp, line 605]
Event: 1.061 Thread 0x000000005b15f000 Exception <a 'java/lang/ArrayIndexOutOfBoundsException': 57> (0x00000000d7642728) thrown at [C:\re\workspace\8-2-build-windows-amd64-cygwin\jdk8u131\8869\hotspot\src\share\vm\interpreter\interpreterRuntime.cpp, line 366]
Event: 1.253 Thread 0x000000005b15f000 Exception <a 'java/io/FileNotFoundException'> (0x00000000d7742908) thrown at [C:\re\workspace\8-2-build-windows-amd64-cygwin\jdk8u131\8869\hotspot\src\share\vm\prims\jni.cpp, line 709]
Event: 1.408 Thread 0x000000005b15f000 Exception <a 'java/io/FileNotFoundException'> (0x00000000d78c6928) thrown at [C:\re\workspace\8-2-build-windows-amd64-cygwin\jdk8u131\8869\hotspot\src\share\vm\prims\jni.cpp, line 709]
Event: 1.498 Thread 0x000000005b15f000 Exception <a 'java/io/FileNotFoundException'> (0x00000000d7dffd08) thrown at [C:\re\workspace\8-2-build-windows-amd64-cygwin\jdk8u131\8869\hotspot\src\share\vm\prims\jni.cpp, line 709]
Event: 1.771 Thread 0x000000005b15f000 Implicit null exception at 0x0000000002ac0ea5 to 0x0000000002ac10c1
Event: 2.319 Thread 0x000000005b15f000 Implicit null exception at 0x0000000002cde073 to 0x0000000002cde525
Event: 3.519 Thread 0x000000005b15f000 Implicit null exception at 0x0000000002db5d15 to 0x0000000002db696d

Events (10 events):
Event: 8.068 Thread 0x000000005b15f000 DEOPT PACKING pc=0x0000000003282bc5 sp=0x000000005bdac200
Event: 8.068 Thread 0x000000005b15f000 DEOPT UNPACKING pc=0x000000000282787f sp=0x000000005bdabf30 mode 0
Event: 8.069 Thread 0x000000005b15f000 DEOPT PACKING pc=0x0000000003282bc5 sp=0x000000005bdac200
Event: 8.069 Thread 0x000000005b15f000 DEOPT UNPACKING pc=0x000000000282787f sp=0x000000005bdabf30 mode 0
Event: 8.069 Thread 0x000000005b15f000 DEOPT PACKING pc=0x0000000003282bc5 sp=0x000000005bdac200
Event: 8.069 Thread 0x000000005b15f000 DEOPT UNPACKING pc=0x000000000282787f sp=0x000000005bdabf30 mode 0
Event: 8.162 loading class java/nio/HeapShortBuffer
Event: 8.163 loading class java/nio/HeapShortBuffer done
Event: 8.163 loading class org/jocl/Sizeof
Event: 8.163 loading class org/jocl/Sizeof done


Dynamic libraries:
0x000000013fe40000 - 0x000000013fe77000 	C:\Program Files\Java\jdk1.8.0_131\bin\java.exe
0x0000000077650000 - 0x00000000777fa000 	C:\windows\SYSTEM32\ntdll.dll
0x0000000077430000 - 0x000000007754f000 	C:\windows\system32\kernel32.dll
0x000007fefd410000 - 0x000007fefd47a000 	C:\windows\system32\KERNELBASE.dll
0x000007fefd700000 - 0x000007fefd7db000 	C:\windows\system32\ADVAPI32.dll
0x000007fefdcb0000 - 0x000007fefdd4f000 	C:\windows\system32\msvcrt.dll
0x000007feff940000 - 0x000007feff95f000 	C:\windows\SYSTEM32\sechost.dll
0x000007feff260000 - 0x000007feff38d000 	C:\windows\system32\RPCRT4.dll
0x0000000077550000 - 0x000000007764a000 	C:\windows\system32\USER32.dll
0x000007fefef10000 - 0x000007fefef77000 	C:\windows\system32\GDI32.dll
0x000007feff6c0000 - 0x000007feff6ce000 	C:\windows\system32\LPK.dll
0x000007fefe040000 - 0x000007fefe10a000 	C:\windows\system32\USP10.dll
0x000007fefbb70000 - 0x000007fefbd64000 	C:\windows\WinSxS\amd64_microsoft.windows.common-controls_6595b64144ccf1df_6.0.7601.18837_none_fa3b1e3d17594757\COMCTL32.dll
0x000007fefdbd0000 - 0x000007fefdc41000 	C:\windows\system32\SHLWAPI.dll
0x000007fefef80000 - 0x000007fefefae000 	C:\windows\system32\IMM32.DLL
0x000007fefdd50000 - 0x000007fefde59000 	C:\windows\system32\MSCTF.dll
0x000000006c980000 - 0x000000006ca52000 	C:\Program Files\Java\jdk1.8.0_131\jre\bin\msvcr100.dll
0x000000005e490000 - 0x000000005ed2c000 	C:\Program Files\Java\jdk1.8.0_131\jre\bin\server\jvm.dll
0x000007fef7590000 - 0x000007fef7599000 	C:\windows\system32\WSOCK32.dll
0x000007fefe130000 - 0x000007fefe17d000 	C:\windows\system32\WS2_32.dll
0x000007fefefb0000 - 0x000007fefefb8000 	C:\windows\system32\NSI.dll
0x000007fef9170000 - 0x000007fef91ab000 	C:\windows\system32\WINMM.dll
0x000007fefc440000 - 0x000007fefc44c000 	C:\windows\system32\VERSION.dll
0x0000000077810000 - 0x0000000077817000 	C:\windows\system32\PSAPI.DLL
0x000000006d150000 - 0x000000006d15f000 	C:\Program Files\Java\jdk1.8.0_131\jre\bin\verify.dll
0x000000006c950000 - 0x000000006c979000 	C:\Program Files\Java\jdk1.8.0_131\jre\bin\java.dll
0x000000006ae10000 - 0x000000006ae33000 	C:\Program Files\Java\jdk1.8.0_131\jre\bin\instrument.dll
0x000000006c930000 - 0x000000006c946000 	C:\Program Files\Java\jdk1.8.0_131\jre\bin\zip.dll
0x000007fefe180000 - 0x000007fefef0a000 	C:\windows\system32\SHELL32.dll
0x000007feff060000 - 0x000007feff25c000 	C:\windows\system32\ole32.dll
0x000007fefd340000 - 0x000007fefd34f000 	C:\windows\system32\profapi.dll
0x000007fef40e0000 - 0x000007fef40fa000 	C:\Program Files\JetBrains\IntelliJ IDEA Community Edition 2017.1.3\bin\breakgen64.dll
0x000000006c910000 - 0x000000006c92a000 	C:\Program Files\Java\jdk1.8.0_131\jre\bin\net.dll
0x000007fefcb10000 - 0x000007fefcb65000 	C:\windows\system32\mswsock.dll
0x000007fefcb00000 - 0x000007fefcb07000 	C:\windows\System32\wship6.dll
0x000007feef400000 - 0x000007feef4ef000 	C:\Program Files\Java\jdk1.8.0_131\jre\bin\msvcr120.dll
0x000007feeedd0000 - 0x000007feeee76000 	C:\Program Files\Java\jdk1.8.0_131\jre\bin\msvcp120.dll
0x000000006ade0000 - 0x000000006ae02000 	C:\Program Files\Java\jdk1.8.0_131\jre\bin\prism_d3d.dll
0x000007fef6620000 - 0x000007fef681f000 	C:\windows\system32\d3d9.dll
0x000007fef7cf0000 - 0x000007fef7cf7000 	C:\windows\system32\d3d8thk.dll
0x000007fefb5b0000 - 0x000007fefb5c8000 	C:\windows\system32\dwmapi.dll
0x000007fefbb10000 - 0x000007fefbb66000 	C:\windows\system32\uxtheme.dll
0x000007fee0c80000 - 0x000007fee1d18000 	C:\windows\system32\nvd3dumx.dll
0x000000006ad90000 - 0x000000006add3000 	C:\Program Files\Java\jdk1.8.0_131\jre\bin\glass.dll
0x000007fefefc0000 - 0x000007feff057000 	C:\windows\system32\COMDLG32.dll
0x000007feff6d0000 - 0x000007feff7aa000 	C:\windows\system32\OLEAUT32.dll
0x000007fefd1e0000 - 0x000007fefd1ef000 	C:\windows\system32\CRYPTBASE.dll
0x000007fefb320000 - 0x000007fefb34c000 	C:\windows\system32\powrprof.dll
0x000007fefde60000 - 0x000007fefe037000 	C:\windows\system32\SETUPAPI.dll
0x000007fefd3a0000 - 0x000007fefd3d6000 	C:\windows\system32\CFGMGR32.dll
0x000007fefd600000 - 0x000007fefd61a000 	C:\windows\system32\DEVOBJ.dll
0x000007feefe50000 - 0x000007feeff36000 	C:\Program Files (x86)\NVIDIA Corporation\3D Vision\nvSCPAPI64.dll
0x000007fef1d00000 - 0x000007fef1d3d000 	C:\Users\BITINK\AppData\Local\Temp\1\JOCL_2_0_0-windows-x86_64.dll
0x000007fefc410000 - 0x000007fefc413000 	C:\windows\system32\api-ms-win-core-synch-l1-2-0.DLL
0x000007fef0a60000 - 0x000007fef0a97000 	C:\windows\system32\OpenCL.dll
0x000007fee45b0000 - 0x000007fee5005000 	C:\windows\System32\nvopencl.dll
0x000007feed8b0000 - 0x000007feed95c000 	C:\windows\system32\nvfatbinaryLoader.dll
0x000007fef99c0000 - 0x000007fef9db2000 	C:\windows\system32\nvapi64.dll
0x000007fefd360000 - 0x000007fefd39b000 	C:\windows\system32\WINTRUST.dll
0x000007fefd480000 - 0x000007fefd5ed000 	C:\windows\system32\CRYPT32.dll
0x000007fefd350000 - 0x000007fefd35f000 	C:\windows\system32\MSASN1.dll
0x000000006c8f0000 - 0x000000006c901000 	C:\Program Files\Java\jdk1.8.0_131\jre\bin\nio.dll
0x000007fed35b0000 - 0x000007fed5bfa000 	C:\windows\system32\nvcompiler.dll
0x000007fef8c60000 - 0x000007fef8d85000 	C:\windows\system32\dbghelp.dll
0x000000006ad70000 - 0x000000006ad84000 	C:\Program Files\Java\jdk1.8.0_131\jre\bin\javafx_font.dll
0x000007fef0110000 - 0x000007fef02a7000 	C:\windows\system32\dwrite.dll
0x00000000605f0000 - 0x0000000060788000 	C:\Program Files\Java\jdk1.8.0_131\jre\bin\awt.dll
0x000007fefd7e0000 - 0x000007fefd879000 	C:\windows\system32\CLBCatQ.DLL
0x000007fefb400000 - 0x000007fefb561000 	C:\windows\system32\WindowsCodecs.dll
0x000007fefd180000 - 0x000007fefd1d7000 	C:\windows\system32\apphelp.dll
0x000007fef2230000 - 0x000007fef2265000 	C:\windows\system32\EhStorShell.dll
0x000007fefb5d0000 - 0x000007fefb6fc000 	C:\windows\system32\PROPSYS.dll
0x000007fef21b0000 - 0x000007fef222e000 	C:\windows\System32\cscui.dll
0x000007fef3ad0000 - 0x000007fef3adc000 	C:\windows\System32\CSCDLL.dll
0x000007fef78d0000 - 0x000007fef78df000 	C:\windows\system32\CSCAPI.dll
0x000007fef1530000 - 0x000007fef15b0000 	C:\windows\system32\ntshrui.dll
0x000007fefcee0000 - 0x000007fefcf03000 	C:\windows\system32\srvcli.dll
0x000007fefaa50000 - 0x000007fefaa5b000 	C:\windows\system32\slc.dll
0x000007fef1fd0000 - 0x000007fef1ffd000 	C:\Program Files\Common Files\Microsoft Shared\Ink\rtscom.dll
0x000000006ad50000 - 0x000000006ad61000 	C:\Program Files\Java\jdk1.8.0_131\jre\bin\prism_common.dll
0x000007fefc200000 - 0x000007fefc22d000 	C:\windows\system32\ntmarta.dll
0x000007fefdc50000 - 0x000007fefdca2000 	C:\windows\system32\WLDAP32.dll
0x000007fef0f80000 - 0x000007fef0fff000 	C:\Program Files\Common Files\microsoft shared\ink\tiptsf.dll
0x000007fef1210000 - 0x000007fef13da000 	C:\windows\system32\explorerframe.dll
0x000007fefb7a0000 - 0x000007fefb7e3000 	C:\windows\system32\DUser.dll
0x000007fefb7f0000 - 0x000007fefb8e2000 	C:\windows\system32\DUI70.dll
0x000007fef1000000 - 0x000007fef1042000 	C:\windows\system32\msls31.dll
0x000007fefb570000 - 0x000007fefb5a5000 	C:\windows\system32\xmllite.dll
0x000007fefcb70000 - 0x000007fefcb88000 	C:\windows\system32\CRYPTSP.dll
0x000007fefc870000 - 0x000007fefc8b7000 	C:\windows\system32\rsaenh.dll
0x000007fefd290000 - 0x000007fefd2a4000 	C:\windows\system32\RpcRtRemote.dll
0x000007fef2540000 - 0x000007fef25bb000 	C:\windows\System32\StructuredQuery.dll
0x000007fefcf90000 - 0x000007fefcf9b000 	C:\windows\System32\Secur32.dll
0x000007fefd150000 - 0x000007fefd175000 	C:\windows\system32\SSPICLI.DLL
0x000007fef1120000 - 0x000007fef120e000 	C:\Windows\system32\actxprxy.dll
0x000007feecbe0000 - 0x000007feecc9a000 	C:\Program Files\Internet Explorer\ieproxy.dll
0x000007fefd3e0000 - 0x000007fefd3e4000 	C:\windows\system32\api-ms-win-downlevel-shlwapi-l1-1-0.dll
0x000007fef7690000 - 0x000007fef7694000 	C:\windows\system32\api-ms-win-downlevel-shlwapi-l2-1-0.dll
0x000007fefd5f0000 - 0x000007fefd5f5000 	C:\windows\system32\api-ms-win-downlevel-advapi32-l1-1-0.dll
0x000007fef7da0000 - 0x000007fef7db8000 	C:\windows\system32\MPR.dll
0x000007fef8170000 - 0x000007fef817a000 	C:\windows\System32\drprov.dll
0x000007fefc7c0000 - 0x000007fefc7fd000 	C:\windows\System32\WINSTA.dll
0x000007fef76a0000 - 0x000007fef76c2000 	C:\windows\System32\ntlanman.dll
0x000007fef7d80000 - 0x000007fef7d9e000 	C:\windows\System32\davclnt.dll
0x000007fef7680000 - 0x000007fef768a000 	C:\windows\System32\DAVHLPR.dll
0x000007fefb060000 - 0x000007fefb075000 	C:\windows\system32\wkscli.dll
0x000007fefc760000 - 0x000007fefc76c000 	C:\windows\system32\netutils.dll
0x000007fef2d40000 - 0x000007fef2d5f000 	C:\Windows\system32\thumbcache.dll
0x000007fef1400000 - 0x000007fef1434000 	C:\windows\system32\SHDOCVW.dll
0x000007fee1d20000 - 0x000007fee2bb2000 	C:\windows\system32\ieframe.DLL
0x000007fefd620000 - 0x000007fefd624000 	C:\windows\system32\api-ms-win-downlevel-user32-l1-1-0.dll
0x000007fefb160000 - 0x000007fefb164000 	C:\windows\system32\api-ms-win-downlevel-shell32-l1-1-0.dll
0x000007fefd6d0000 - 0x000007fefd6d4000 	C:\windows\system32\api-ms-win-downlevel-version-l1-1-0.dll
0x000007fefd6e0000 - 0x000007fefd6e3000 	C:\windows\system32\api-ms-win-downlevel-normaliz-l1-1-0.dll
0x0000000077820000 - 0x0000000077823000 	C:\windows\system32\normaliz.DLL
0x000007fefd880000 - 0x000007fefdb4a000 	C:\windows\system32\iertutil.dll
0x000007fef6820000 - 0x000007fef68dd000 	C:\windows\system32\PortableDeviceApi.dll
0x000007fef49f0000 - 0x000007fef4a17000 	C:\windows\system32\EhStorAPI.dll
0x000007fef1ef0000 - 0x000007fef1fc7000 	C:\windows\system32\SearchFolder.dll
0x000007fef7320000 - 0x000007fef732c000 	C:\windows\system32\LINKINFO.dll
0x000007fef0aa0000 - 0x000007fef0c3c000 	C:\windows\system32\NetworkExplorer.dll
0x000007feed2d0000 - 0x000007feed30f000 	C:\windows\System32\cscobj.dll
0x000007fefd3f0000 - 0x000007fefd40e000 	C:\windows\system32\USERENV.dll

VM Arguments:
jvm_args: -Xmx2G -javaagent:C:\Program Files\JetBrains\IntelliJ IDEA Community Edition 2017.1.3\lib\idea_rt.jar=10978:C:\Program Files\JetBrains\IntelliJ IDEA Community Edition 2017.1.3\bin -Dfile.encoding=UTF-8 
java_command: gov.inl.HZGenerator.MainClass
java_class_path (initial): C:\Program Files\Java\jdk1.8.0_131\jre\lib\charsets.jar;C:\Program Files\Java\jdk1.8.0_131\jre\lib\deploy.jar;C:\Program Files\Java\jdk1.8.0_131\jre\lib\ext\access-bridge-64.jar;C:\Program Files\Java\jdk1.8.0_131\jre\lib\ext\cldrdata.jar;C:\Program Files\Java\jdk1.8.0_131\jre\lib\ext\dnsns.jar;C:\Program Files\Java\jdk1.8.0_131\jre\lib\ext\jaccess.jar;C:\Program Files\Java\jdk1.8.0_131\jre\lib\ext\jfxrt.jar;C:\Program Files\Java\jdk1.8.0_131\jre\lib\ext\localedata.jar;C:\Program Files\Java\jdk1.8.0_131\jre\lib\ext\nashorn.jar;C:\Program Files\Java\jdk1.8.0_131\jre\lib\ext\sunec.jar;C:\Program Files\Java\jdk1.8.0_131\jre\lib\ext\sunjce_provider.jar;C:\Program Files\Java\jdk1.8.0_131\jre\lib\ext\sunmscapi.jar;C:\Program Files\Java\jdk1.8.0_131\jre\lib\ext\sunpkcs11.jar;C:\Program Files\Java\jdk1.8.0_131\jre\lib\ext\zipfs.jar;C:\Program Files\Java\jdk1.8.0_131\jre\lib\javaws.jar;C:\Program Files\Java\jdk1.8.0_131\jre\lib\jce.jar;C:\Program Files\Java\jdk1.8.0_131\jre\lib\jfr.jar;C:\Program Files\Java\jdk1.8.0_131\jre\lib\jfxswt.jar;C:\Program Files\Java\jdk1.8.0_131\jre\lib\jsse.jar;C:\Program Files\Java\jdk1.8.0_131\jre\lib\management-agent.jar;C:\Program Files\Java\jdk1.8.0_131\jre\lib\plugin.jar;C:\Program Files\Java\jdk1.8.0_131\jre\lib\resources.jar;C:\Program Files\Java\jdk1.8.0_131\jre\lib\rt.jar;C:\Users\BITINK\git\PRISM\HZGenerator\target\classes;C:\Users\BITINK\.m2\repository\net\imagej\ij\1.45b\ij-1.45b.jar;C:\Users\BITINK\.m2\repository\org\jocl\jocl\2.0.0\jocl-2.0.0.jar;C:\Users\BITINK\.m2\repository\org\json\json\20090211\json-20090211.jar;C:\Users\BITINK\.m2\repository\gov\inl\SIEVAS\HMortonLib\1.0-SNAPSHOT\HMortonLib-1.0-SNAPSHOT.jar;C:\Program Files\JetBrains\IntelliJ IDEA Community Edition 2017.1.3\lib\idea_rt.jar
Launcher Type: SUN_STANDARD

Environment Variables:
JAVA_HOME=C:\Program Files\Java\jdk1.8.0_131
PATH=C:\Program Files\NVIDIA GPU Computing Toolkit\CUDA\v8.0\bin;C:\Program Files\NVIDIA GPU Computing Toolkit\CUDA\v8.0\libnvvp;C:\Program Files (x86)\Razer Chroma SDK\bin;C:\Program Files\Razer Chroma SDK\bin;C:\ProgramData\Oracle\Java\javapath;C:\windows\system32;C:\windows;C:\windows\System32\Wbem;C:\windows\System32\WindowsPowerShell\v1.0\;C:\Program Files (x86)\GtkSharp\2.12\bin;C:\Program Files\Git\cmd;C:\Program Files\Git\mingw64\bin;C:\Program Files\Git\usr\bin;C:\Program Files\PuTTY\;C:\Program Files\nodejs\;C:\Program Files\apache-maven-3.5.0\bin;C:\Program Files\CMake\bin;C:\Program Files\Sublime Text 3;C:\Users\BITINK\.dnx\bin;C:\Program Files\Microsoft DNX\Dnvm\;C:\Program Files (x86)\Windows Kits\8.1\Windows Performance Toolkit\;C:\Program Files\Microsoft SQL Server\120\Tools\Binn\;C:\Program Files\Java\jdk1.8.0_131\bin;C:\Program Files (x86)\NVIDIA Corporation\PhysX\Common;C:\Users\BITINK\AppData\Roaming\npm
USERNAME=BITINK
OS=Windows_NT
PROCESSOR_IDENTIFIER=Intel64 Family 6 Model 62 Stepping 4, GenuineIntel



---------------  S Y S T E M  ---------------

OS: Windows 7 , 64 bit Build 7601 (6.1.7601.23796)

CPU:total 8 (initial active 8) (4 cores per cpu, 2 threads per core) family 6 model 62 stepping 4, cmov, cx8, fxsr, mmx, sse, sse2, sse3, ssse3, sse4.1, sse4.2, popcnt, avx, aes, clmul, erms, ht, tsc, tscinvbit

Memory: 4k page, physical 16720092k(7355516k free), swap 33438324k(21131864k free)

vm_info: Java HotSpot(TM) 64-Bit Server VM (25.131-b11) for windows-amd64 JRE (1.8.0_131-b11), built on Mar 15 2017 01:23:53 by "java_re" with MS VC++ 10.0 (VS2010)

time: Mon Jun 12 15:27:22 2017
elapsed time: 8 seconds (0d 0h 0m 8s)

